State table
-----------

state 0

   *start* --> . program *eoi*    (rule 1)

   *default* : reduce using rule 3

state 1

   program --> models . *eoi*    (rule 2)
   models --> models . model    (rule 4)
   models --> models . namespace name #{\x7b;}# models #{\x7d;}#    (rule 5)

   *default* : Error
   *eoi* : shift and goto state 10
   namespace : shift and goto state 9
   import : shift and goto state 8
   interface : shift and goto state 7
   component : shift and goto state 6
   enum : shift and goto state 5
   extern : shift and goto state 4
   subint : shift and goto state 3

state 2

   *start* --> program . *eoi*    (rule 1)

   *default* : Error
   *eoi* : shift and goto state 19

state 3

   subint-spec --> subint . Identifier #{\x7b;}# integer .. integer #{\x7d;}# #{;}#    (rule 60)

   *default* : Error
   Identifier : shift and goto state 20

state 4

   extern-spec --> extern . Identifier Data #{;}#    (rule 63)

   *default* : Error
   Identifier : shift and goto state 21

state 5

   enum-spec --> enum . Identifier #{\x7b;}# enum-fields #{\x7d;}# #{;}#    (rule 57)

   *default* : Error
   Identifier : shift and goto state 22

state 6

   component-spec --> component . name #{\x7b;}# ports #{\x7d;}#    (rule 22)
   component-spec --> component . name #{\x7b;}# ports behaviour-spec #{\x7d;}#    (rule 23)
   component-spec --> component . name #{\x7b;}# ports system #{\x7b;}# instances/binds #{\x7d;}# #{\x7d;}#    (rule 24)

   *default* : Error
   Identifier : shift and goto state 24
   #{.}# : shift and goto state 23

state 7

   interface-spec --> interface . name #{\x7b;}# events/types #{\x7d;}#    (rule 20)
   interface-spec --> interface . name #{\x7b;}# events/types behaviour-spec #{\x7d;}#    (rule 21)

   *default* : Error
   Identifier : shift and goto state 24
   #{.}# : shift and goto state 23

state 8

   import-spec --> import . Identifier #{;}#    (rule 15)
   import-spec --> import . Identifier #{.}# Identifier #{;}#    (rule 16)

   *default* : Error
   Identifier : shift and goto state 28

state 9

   models --> models namespace . name #{\x7b;}# models #{\x7d;}#    (rule 5)

   *default* : Error
   Identifier : shift and goto state 24
   #{.}# : shift and goto state 23

state 10

   program --> models *eoi* .    (rule 2)

   *default* : reduce using rule 2

state 11

   type --> extern-spec .    (rule 18)

   *default* : reduce using rule 18

state 12

   type --> subint-spec .    (rule 19)

   *default* : reduce using rule 19

state 13

   type --> enum-spec .    (rule 17)

   *default* : reduce using rule 17

state 14

   model --> component-spec .    (rule 14)

   *default* : reduce using rule 14

state 15

   model --> interface-spec .    (rule 13)

   *default* : reduce using rule 13

state 16

   model --> type .    (rule 12)

   *default* : reduce using rule 12

state 17

   model --> import-spec .    (rule 11)

   *default* : reduce using rule 11

state 18

   models --> models model .    (rule 4)

   *default* : reduce using rule 4

state 19

   *start* --> program *eoi* .    (rule 1)

   *default* : reduce using rule 1
   *eoi* : Accept input

state 20

   subint-spec --> subint Identifier . #{\x7b;}# integer .. integer #{\x7d;}# #{;}#    (rule 60)

   *default* : Error
   #{\x7b;}# : shift and goto state 30

state 21

   extern-spec --> extern Identifier . Data #{;}#    (rule 63)

   *default* : Error
   Data : shift and goto state 31

state 22

   enum-spec --> enum Identifier . #{\x7b;}# enum-fields #{\x7d;}# #{;}#    (rule 57)

   *default* : Error
   #{\x7b;}# : shift and goto state 32

state 23

   name --> #{.}# . Identifier    (rule 6)

   *default* : Error
   Identifier : shift and goto state 33

state 24

   name-pair --> Identifier .    (rule 9)
   name-pair --> Identifier . #{.}# Identifier    (rule 10)

   *default* : reduce using rule 9
   #{.}# : shift and goto state 34

state 25

   name --> name-pair .    (rule 7)

   *default* : reduce using rule 7

state 26

   name --> name . #{.}# Identifier    (rule 8)
   component-spec --> component name . #{\x7b;}# ports #{\x7d;}#    (rule 22)
   component-spec --> component name . #{\x7b;}# ports behaviour-spec #{\x7d;}#    (rule 23)
   component-spec --> component name . #{\x7b;}# ports system #{\x7b;}# instances/binds #{\x7d;}# #{\x7d;}#    (rule 24)

   *default* : Error
   #{\x7b;}# : shift and goto state 36
   #{.}# : shift and goto state 35

state 27

   name --> name . #{.}# Identifier    (rule 8)
   interface-spec --> interface name . #{\x7b;}# events/types #{\x7d;}#    (rule 20)
   interface-spec --> interface name . #{\x7b;}# events/types behaviour-spec #{\x7d;}#    (rule 21)

   *default* : Error
   #{\x7b;}# : shift and goto state 37
   #{.}# : shift and goto state 35

state 28

   import-spec --> import Identifier . #{;}#    (rule 15)
   import-spec --> import Identifier . #{.}# Identifier #{;}#    (rule 16)

   *default* : Error
   #{;}# : shift and goto state 39
   #{.}# : shift and goto state 38

state 29

   models --> models namespace name . #{\x7b;}# models #{\x7d;}#    (rule 5)
   name --> name . #{.}# Identifier    (rule 8)

   *default* : Error
   #{\x7b;}# : shift and goto state 40
   #{.}# : shift and goto state 35

state 30

   subint-spec --> subint Identifier #{\x7b;}# . integer .. integer #{\x7d;}# #{;}#    (rule 60)

   *default* : Error
   NumericLiteral : shift and goto state 42
   - : shift and goto state 41

state 31

   extern-spec --> extern Identifier Data . #{;}#    (rule 63)

   *default* : Error
   #{;}# : shift and goto state 44

state 32

   enum-spec --> enum Identifier #{\x7b;}# . enum-fields #{\x7d;}# #{;}#    (rule 57)

   *default* : Error
   Identifier : shift and goto state 45

state 33

   name --> #{.}# Identifier .    (rule 6)

   *default* : reduce using rule 6

state 34

   name-pair --> Identifier #{.}# . Identifier    (rule 10)

   *default* : Error
   Identifier : shift and goto state 47

state 35

   name --> name #{.}# . Identifier    (rule 8)

   *default* : Error
   Identifier : shift and goto state 48

state 36

   component-spec --> component name #{\x7b;}# . ports #{\x7d;}#    (rule 22)
   component-spec --> component name #{\x7b;}# . ports behaviour-spec #{\x7d;}#    (rule 23)
   component-spec --> component name #{\x7b;}# . ports system #{\x7b;}# instances/binds #{\x7d;}# #{\x7d;}#    (rule 24)

   *default* : reduce using rule 46

state 37

   interface-spec --> interface name #{\x7b;}# . events/types #{\x7d;}#    (rule 20)
   interface-spec --> interface name #{\x7b;}# . events/types behaviour-spec #{\x7d;}#    (rule 21)

   *default* : reduce using rule 34

state 38

   import-spec --> import Identifier #{.}# . Identifier #{;}#    (rule 16)

   *default* : Error
   Identifier : shift and goto state 51

state 39

   import-spec --> import Identifier #{;}# .    (rule 15)

   *default* : reduce using rule 15

state 40

   models --> models namespace name #{\x7b;}# . models #{\x7d;}#    (rule 5)

   *default* : reduce using rule 3

state 41

   integer --> - . NumericLiteral    (rule 62)

   *default* : Error
   NumericLiteral : shift and goto state 53

state 42

   integer --> NumericLiteral .    (rule 61)

   *default* : reduce using rule 61

state 43

   subint-spec --> subint Identifier #{\x7b;}# integer . .. integer #{\x7d;}# #{;}#    (rule 60)

   *default* : Error
   .. : shift and goto state 54

state 44

   extern-spec --> extern Identifier Data #{;}# .    (rule 63)

   *default* : reduce using rule 63

state 45

   enum-fields --> Identifier .    (rule 58)

   *default* : reduce using rule 58

state 46

   enum-spec --> enum Identifier #{\x7b;}# enum-fields . #{\x7d;}# #{;}#    (rule 57)
   enum-fields --> enum-fields . #{,}# Identifier    (rule 59)

   *default* : Error
   #{\x7d;}# : shift and goto state 56
   #{,}# : shift and goto state 55

state 47

   name-pair --> Identifier #{.}# Identifier .    (rule 10)

   *default* : reduce using rule 10

state 48

   name --> name #{.}# Identifier .    (rule 8)

   *default* : reduce using rule 8

state 49

   component-spec --> component name #{\x7b;}# ports . #{\x7d;}#    (rule 22)
   component-spec --> component name #{\x7b;}# ports . behaviour-spec #{\x7d;}#    (rule 23)
   component-spec --> component name #{\x7b;}# ports . system #{\x7b;}# instances/binds #{\x7d;}# #{\x7d;}#    (rule 24)
   ports --> ports . port    (rule 47)

   *default* : Error
   #{\x7d;}# : shift and goto state 61
   behaviour : shift and goto state 60
   system : shift and goto state 59
   provides : shift and goto state 58
   requires : shift and goto state 57

state 50

   interface-spec --> interface name #{\x7b;}# events/types . #{\x7d;}#    (rule 20)
   interface-spec --> interface name #{\x7b;}# events/types . behaviour-spec #{\x7d;}#    (rule 21)
   events/types --> events/types . event/type    (rule 35)

   *default* : Error
   #{\x7d;}# : shift and goto state 67
   in : shift and goto state 66
   out : shift and goto state 65
   behaviour : shift and goto state 60
   enum : shift and goto state 5
   extern : shift and goto state 4
   subint : shift and goto state 3

state 51

   import-spec --> import Identifier #{.}# Identifier . #{;}#    (rule 16)

   *default* : Error
   #{;}# : shift and goto state 73

state 52

   models --> models . model    (rule 4)
   models --> models . namespace name #{\x7b;}# models #{\x7d;}#    (rule 5)
   models --> models namespace name #{\x7b;}# models . #{\x7d;}#    (rule 5)

   *default* : Error
   #{\x7d;}# : shift and goto state 74
   namespace : shift and goto state 9
   import : shift and goto state 8
   interface : shift and goto state 7
   component : shift and goto state 6
   enum : shift and goto state 5
   extern : shift and goto state 4
   subint : shift and goto state 3

state 53

   integer --> - NumericLiteral .    (rule 62)

   *default* : reduce using rule 62

state 54

   subint-spec --> subint Identifier #{\x7b;}# integer .. . integer #{\x7d;}# #{;}#    (rule 60)

   *default* : Error
   NumericLiteral : shift and goto state 42
   - : shift and goto state 41

state 55

   enum-fields --> enum-fields #{,}# . Identifier    (rule 59)

   *default* : Error
   Identifier : shift and goto state 76

state 56

   enum-spec --> enum Identifier #{\x7b;}# enum-fields #{\x7d;}# . #{;}#    (rule 57)

   *default* : Error
   #{;}# : shift and goto state 77

state 57

   port-direction --> requires .    (rule 51)

   *default* : reduce using rule 51

state 58

   port-direction --> provides .    (rule 50)

   *default* : reduce using rule 50

state 59

   component-spec --> component name #{\x7b;}# ports system . #{\x7b;}# instances/binds #{\x7d;}# #{\x7d;}#    (rule 24)

   *default* : Error
   #{\x7b;}# : shift and goto state 78

state 60

   behaviour-spec --> behaviour . optional-identifier #{\x7b;}# optional-types #{\x7d;}#    (rule 90)
   behaviour-spec --> behaviour . optional-identifier #{\x7b;}# optional-types functions/statements/variables #{\x7d;}#    (rule 91)

   *default* : reduce using rule 92
   Identifier : shift and goto state 79

state 61

   component-spec --> component name #{\x7b;}# ports #{\x7d;}# .    (rule 22)

   *default* : reduce using rule 22

state 62

   component-spec --> component name #{\x7b;}# ports behaviour-spec . #{\x7d;}#    (rule 23)

   *default* : Error
   #{\x7d;}# : shift and goto state 81

state 63

   port --> port-direction . name Identifier #{;}#    (rule 48)
   port --> port-direction . injected name Identifier #{;}#    (rule 49)

   *default* : Error
   injected : shift and goto state 82
   Identifier : shift and goto state 24
   #{.}# : shift and goto state 23

state 64

   ports --> ports port .    (rule 47)

   *default* : reduce using rule 47

state 65

   event-direction --> out .    (rule 45)

   *default* : reduce using rule 45

state 66

   event-direction --> in .    (rule 44)

   *default* : reduce using rule 44

state 67

   interface-spec --> interface name #{\x7b;}# events/types #{\x7d;}# .    (rule 20)

   *default* : reduce using rule 20

state 68

   interface-spec --> interface name #{\x7b;}# events/types behaviour-spec . #{\x7d;}#    (rule 21)

   *default* : Error
   #{\x7d;}# : shift and goto state 84

state 69

   event --> event-direction . variable-type Identifier #{;}#    (rule 38)
   event --> event-direction . variable-type Identifier #{\x28;}# #{\x29;}# #{;}#    (rule 39)
   event --> event-direction . variable-type Identifier #{\x28;}# formals #{\x29;}# #{;}#    (rule 40)

   *default* : Error
   bool : shift and goto state 86
   void : shift and goto state 85
   Identifier : shift and goto state 24
   #{.}# : shift and goto state 23

state 70

   event/type --> event .    (rule 36)

   *default* : reduce using rule 36

state 71

   events/types --> events/types event/type .    (rule 35)

   *default* : reduce using rule 35

state 72

   event/type --> type .    (rule 37)

   *default* : reduce using rule 37

state 73

   import-spec --> import Identifier #{.}# Identifier #{;}# .    (rule 16)

   *default* : reduce using rule 16

state 74

   models --> models namespace name #{\x7b;}# models #{\x7d;}# .    (rule 5)

   *default* : reduce using rule 5

state 75

   subint-spec --> subint Identifier #{\x7b;}# integer .. integer . #{\x7d;}# #{;}#    (rule 60)

   *default* : Error
   #{\x7d;}# : shift and goto state 89

state 76

   enum-fields --> enum-fields #{,}# Identifier .    (rule 59)

   *default* : reduce using rule 59

state 77

   enum-spec --> enum Identifier #{\x7b;}# enum-fields #{\x7d;}# #{;}# .    (rule 57)

   *default* : reduce using rule 57

state 78

   component-spec --> component name #{\x7b;}# ports system #{\x7b;}# . instances/binds #{\x7d;}# #{\x7d;}#    (rule 24)

   *default* : reduce using rule 25

state 79

   optional-identifier --> Identifier .    (rule 93)

   *default* : reduce using rule 93

state 80

   behaviour-spec --> behaviour optional-identifier . #{\x7b;}# optional-types #{\x7d;}#    (rule 90)
   behaviour-spec --> behaviour optional-identifier . #{\x7b;}# optional-types functions/statements/variables #{\x7d;}#    (rule 91)

   *default* : Error
   #{\x7b;}# : shift and goto state 91

state 81

   component-spec --> component name #{\x7b;}# ports behaviour-spec #{\x7d;}# .    (rule 23)

   *default* : reduce using rule 23

state 82

   port --> port-direction injected . name Identifier #{;}#    (rule 49)

   *default* : Error
   Identifier : shift and goto state 24
   #{.}# : shift and goto state 23

state 83

   name --> name . #{.}# Identifier    (rule 8)
   port --> port-direction name . Identifier #{;}#    (rule 48)

   *default* : Error
   Identifier : shift and goto state 93
   #{.}# : shift and goto state 35

state 84

   interface-spec --> interface name #{\x7b;}# events/types behaviour-spec #{\x7d;}# .    (rule 21)

   *default* : reduce using rule 21

state 85

   variable-type --> void .    (rule 55)

   *default* : reduce using rule 55

state 86

   variable-type --> bool .    (rule 54)

   *default* : reduce using rule 54

state 87

   event --> event-direction variable-type . Identifier #{;}#    (rule 38)
   event --> event-direction variable-type . Identifier #{\x28;}# #{\x29;}# #{;}#    (rule 39)
   event --> event-direction variable-type . Identifier #{\x28;}# formals #{\x29;}# #{;}#    (rule 40)

   *default* : Error
   Identifier : shift and goto state 94

state 88

   name --> name . #{.}# Identifier    (rule 8)
   variable-type --> name .    (rule 56)

   *default* : reduce using rule 56
   #{.}# : shift and goto state 35

state 89

   subint-spec --> subint Identifier #{\x7b;}# integer .. integer #{\x7d;}# . #{;}#    (rule 60)

   *default* : Error
   #{;}# : shift and goto state 95

state 90

   component-spec --> component name #{\x7b;}# ports system #{\x7b;}# instances/binds . #{\x7d;}# #{\x7d;}#    (rule 24)
   instances/binds --> instances/binds . instance/bind    (rule 26)

   *default* : Error
   #{\x7d;}# : shift and goto state 98
   Identifier : shift and goto state 97
   #{.}# : shift and goto state 23
   * : shift and goto state 96

state 91

   behaviour-spec --> behaviour optional-identifier #{\x7b;}# . optional-types #{\x7d;}#    (rule 90)
   behaviour-spec --> behaviour optional-identifier #{\x7b;}# . optional-types functions/statements/variables #{\x7d;}#    (rule 91)

   *default* : reduce using rule 52

state 92

   name --> name . #{.}# Identifier    (rule 8)
   port --> port-direction injected name . Identifier #{;}#    (rule 49)

   *default* : Error
   Identifier : shift and goto state 105
   #{.}# : shift and goto state 35

state 93

   port --> port-direction name Identifier . #{;}#    (rule 48)

   *default* : Error
   #{;}# : shift and goto state 106

state 94

   event --> event-direction variable-type Identifier . #{;}#    (rule 38)
   event --> event-direction variable-type Identifier . #{\x28;}# #{\x29;}# #{;}#    (rule 39)
   event --> event-direction variable-type Identifier . #{\x28;}# formals #{\x29;}# #{;}#    (rule 40)

   *default* : Error
   #{;}# : shift and goto state 108
   #{\x28;}# : shift and goto state 107

state 95

   subint-spec --> subint Identifier #{\x7b;}# integer .. integer #{\x7d;}# #{;}# .    (rule 60)

   *default* : reduce using rule 60

state 96

   binding --> * .    (rule 31)

   *default* : reduce using rule 31

state 97

   name-pair --> Identifier .    (rule 9)
   name-pair --> Identifier . #{.}# Identifier    (rule 10)
   binding --> Identifier .    (rule 32)
   binding --> Identifier . #{.}# Identifier    (rule 33)

   *default* : reduce using rule 9
   <=> : reduce using rule 32
   #{.}# : shift and goto state 109

state 98

   component-spec --> component name #{\x7b;}# ports system #{\x7b;}# instances/binds #{\x7d;}# . #{\x7d;}#    (rule 24)

   *default* : Error
   #{\x7d;}# : shift and goto state 110

state 99

   bind --> binding . <=> binding #{;}#    (rule 30)

   *default* : Error
   <=> : shift and goto state 111

state 100

   instance/bind --> bind .    (rule 29)

   *default* : reduce using rule 29

state 101

   instances/binds --> instances/binds instance/bind .    (rule 26)

   *default* : reduce using rule 26

state 102

   instance/bind --> instance .    (rule 28)

   *default* : reduce using rule 28

state 103

   name --> name . #{.}# Identifier    (rule 8)
   instance --> name . Identifier #{;}#    (rule 27)

   *default* : Error
   Identifier : shift and goto state 112
   #{.}# : shift and goto state 35

state 104

   optional-types --> optional-types . type    (rule 53)
   behaviour-spec --> behaviour optional-identifier #{\x7b;}# optional-types . #{\x7d;}#    (rule 90)
   behaviour-spec --> behaviour optional-identifier #{\x7b;}# optional-types . functions/statements/variables #{\x7d;}#    (rule 91)

   *default* : reduce using rule 104
   #{\x7d;}# : shift and goto state 113
   enum : shift and goto state 5
   extern : shift and goto state 4
   subint : shift and goto state 3

state 105

   port --> port-direction injected name Identifier . #{;}#    (rule 49)

   *default* : Error
   #{;}# : shift and goto state 116

state 106

   port --> port-direction name Identifier #{;}# .    (rule 48)

   *default* : reduce using rule 48

state 107

   event --> event-direction variable-type Identifier #{\x28;}# . #{\x29;}# #{;}#    (rule 39)
   event --> event-direction variable-type Identifier #{\x28;}# . formals #{\x29;}# #{;}#    (rule 40)

   *default* : Error
   #{\x29;}# : shift and goto state 120
   in : shift and goto state 119
   inout : shift and goto state 118
   out : shift and goto state 117
   bool : shift and goto state 86
   void : shift and goto state 85
   Identifier : shift and goto state 24
   #{.}# : shift and goto state 23

state 108

   event --> event-direction variable-type Identifier #{;}# .    (rule 38)

   *default* : reduce using rule 38

state 109

   name-pair --> Identifier #{.}# . Identifier    (rule 10)
   binding --> Identifier #{.}# . Identifier    (rule 33)

   *default* : Error
   Identifier : shift and goto state 125

state 110

   component-spec --> component name #{\x7b;}# ports system #{\x7b;}# instances/binds #{\x7d;}# #{\x7d;}# .    (rule 24)

   *default* : reduce using rule 24

state 111

   bind --> binding <=> . binding #{;}#    (rule 30)

   *default* : Error
   Identifier : shift and goto state 126
   * : shift and goto state 96

state 112

   instance --> name Identifier . #{;}#    (rule 27)

   *default* : Error
   #{;}# : shift and goto state 128

state 113

   behaviour-spec --> behaviour optional-identifier #{\x7b;}# optional-types #{\x7d;}# .    (rule 90)

   *default* : reduce using rule 90

state 114

   behaviour-spec --> behaviour optional-identifier #{\x7b;}# optional-types functions/statements/variables . #{\x7d;}#    (rule 91)
   functions/statements/variables --> functions/statements/variables . function/statement/variable    (rule 105)

   *default* : Error
   #{\x7b;}# : shift and goto state 138
   #{\x7d;}# : shift and goto state 137
   blocking : shift and goto state 136
   on : shift and goto state 135
   #{\x5b;}# : shift and goto state 134
   if : shift and goto state 133
   reply : shift and goto state 132
   return : shift and goto state 131
   illegal : shift and goto state 130
   bool : shift and goto state 86
   void : shift and goto state 85
   Identifier : shift and goto state 129
   #{.}# : shift and goto state 23

state 115

   optional-types --> optional-types type .    (rule 53)

   *default* : reduce using rule 53

state 116

   port --> port-direction injected name Identifier #{;}# .    (rule 49)

   *default* : reduce using rule 49

state 117

   formal-direction --> out .    (rule 42)

   *default* : reduce using rule 42

state 118

   formal-direction --> inout .    (rule 43)

   *default* : reduce using rule 43

state 119

   formal-direction --> in .    (rule 41)

   *default* : reduce using rule 41

state 120

   event --> event-direction variable-type Identifier #{\x28;}# #{\x29;}# . #{;}#    (rule 39)

   *default* : Error
   #{;}# : shift and goto state 157

state 121

   formals --> formal .    (rule 96)

   *default* : reduce using rule 96

state 122

   event --> event-direction variable-type Identifier #{\x28;}# formals . #{\x29;}# #{;}#    (rule 40)
   formals --> formals . #{,}# formal    (rule 97)

   *default* : Error
   #{\x29;}# : shift and goto state 159
   #{,}# : shift and goto state 158

state 123

   formal --> variable-type . Identifier    (rule 98)

   *default* : Error
   Identifier : shift and goto state 160

state 124

   formal --> formal-direction . variable-type Identifier    (rule 99)

   *default* : Error
   bool : shift and goto state 86
   void : shift and goto state 85
   Identifier : shift and goto state 24
   #{.}# : shift and goto state 23

state 125

   name-pair --> Identifier #{.}# Identifier .    (rule 10)
   binding --> Identifier #{.}# Identifier .    (rule 33)

   *default* : reduce using rule 10
   <=> : reduce using rule 33

state 126

   binding --> Identifier .    (rule 32)
   binding --> Identifier . #{.}# Identifier    (rule 33)

   *default* : reduce using rule 32
   #{.}# : shift and goto state 162

state 127

   bind --> binding <=> binding . #{;}#    (rule 30)

   *default* : Error
   #{;}# : shift and goto state 163

state 128

   instance --> name Identifier #{;}# .    (rule 27)

   *default* : reduce using rule 27

state 129

   name-pair --> Identifier .    (rule 9)
   name-pair --> Identifier . #{.}# Identifier    (rule 10)
   function-call --> Identifier . #{\x28;}# #{\x29;}#    (rule 86)
   function-call --> Identifier . #{\x28;}# arguments #{\x29;}#    (rule 87)
   assignment-statement --> Identifier . = expression #{;}#    (rule 138)
   reply-statement --> Identifier . #{.}# reply #{\x28;}# #{\x29;}# #{;}#    (rule 146)
   reply-statement --> Identifier . #{.}# reply #{\x28;}# expression #{\x29;}# #{;}#    (rule 147)

   *default* : reduce using rule 9
   = : shift and goto state 164
   #{\x28;}# : shift and goto state 165
   #{.}# : shift and goto state 166

state 130

   illegal-statement --> illegal . #{;}#    (rule 137)

   *default* : Error
   #{;}# : shift and goto state 167

state 131

   return-statement --> return . #{;}#    (rule 148)
   return-statement --> return . expression #{;}#    (rule 149)

   *default* : Error
   #{;}# : shift and goto state 174
   true : shift and goto state 173
   false : shift and goto state 172
   NumericLiteral : shift and goto state 42
   Data : shift and goto state 171
   Identifier : shift and goto state 170
   #{.}# : shift and goto state 23
   #{\x28;}# : shift and goto state 169
   ! : shift and goto state 168
   - : shift and goto state 41

state 132

   reply-statement --> reply . #{\x28;}# expression #{\x29;}# #{;}#    (rule 145)

   *default* : Error
   #{\x28;}# : shift and goto state 182

state 133

   if-statement --> if . #{\x28;}# expression #{\x29;}# statement    (rule 143)
   if-statement --> if . #{\x28;}# expression #{\x29;}# statement else statement    (rule 144)

   *default* : Error
   #{\x28;}# : shift and goto state 183

state 134

   guarded-statement --> #{\x5b;}# . guard #{\x5d;}# statement    (rule 120)

   *default* : Error
   otherwise : shift and goto state 184
   true : shift and goto state 173
   false : shift and goto state 172
   NumericLiteral : shift and goto state 42
   Data : shift and goto state 171
   Identifier : shift and goto state 170
   #{.}# : shift and goto state 23
   #{\x28;}# : shift and goto state 169
   ! : shift and goto state 168
   - : shift and goto state 41

state 135

   on-event-statement --> on . trigger-spec : statement    (rule 124)

   *default* : Error
   inevitable : shift and goto state 189
   optional : shift and goto state 188
   Identifier : shift and goto state 187

state 136

   on-event-statement --> blocking . on trigger-spec : statement    (rule 125)

   *default* : Error
   on : shift and goto state 193

state 137

   behaviour-spec --> behaviour optional-identifier #{\x7b;}# optional-types functions/statements/variables #{\x7d;}# .    (rule 91)

   *default* : reduce using rule 91

state 138

   compound-statement --> #{\x7b;}# . statements #{\x7d;}#    (rule 123)

   *default* : reduce using rule 100

state 139

   function/statement/variable --> variable .    (rule 108)

   *default* : reduce using rule 108

state 140

   statement --> return-statement .    (rule 118)

   *default* : reduce using rule 118

state 141

   statement --> reply-statement .    (rule 117)

   *default* : reduce using rule 117

state 142

   statement --> if-statement .    (rule 116)

   *default* : reduce using rule 116

state 143

   statement --> action-statement .    (rule 115)

   *default* : reduce using rule 115

state 144

   action-statement --> action . #{;}#    (rule 142)

   *default* : Error
   #{;}# : shift and goto state 195

state 145

   statement --> assignment-statement .    (rule 114)

   *default* : reduce using rule 114

state 146

   statement --> illegal-statement .    (rule 113)

   *default* : reduce using rule 113

state 147

   statement --> on-event-statement .    (rule 112)

   *default* : reduce using rule 112

state 148

   statement --> compound-statement .    (rule 111)

   *default* : reduce using rule 111

state 149

   statement --> guarded-statement .    (rule 110)

   *default* : reduce using rule 110

state 150

   statement --> function-call-statement .    (rule 109)

   *default* : reduce using rule 109

state 151

   function/statement/variable --> statement .    (rule 107)

   *default* : reduce using rule 107

state 152

   functions/statements/variables --> functions/statements/variables function/statement/variable .    (rule 105)

   *default* : reduce using rule 105

state 153

   function/statement/variable --> function .    (rule 106)

   *default* : reduce using rule 106

state 154

   function-call-statement --> function-call . #{;}#    (rule 119)

   *default* : Error
   #{;}# : shift and goto state 196

state 155

   function --> variable-type . Identifier #{\x28;}# #{\x29;}# compound-statement    (rule 94)
   function --> variable-type . Identifier #{\x28;}# formals #{\x29;}# compound-statement    (rule 95)
   variable --> variable-type . Identifier #{;}#    (rule 150)
   variable --> variable-type . Identifier = expression #{;}#    (rule 151)

   *default* : Error
   Identifier : shift and goto state 197

state 156

   name --> name-pair .    (rule 7)
   action --> name-pair . #{\x28;}# #{\x29;}#    (rule 139)
   action --> name-pair . #{\x28;}# arguments #{\x29;}#    (rule 140)
   action-statement --> name-pair . #{;}#    (rule 141)

   *default* : reduce using rule 7
   #{;}# : shift and goto state 199
   #{\x28;}# : shift and goto state 198

state 157

   event --> event-direction variable-type Identifier #{\x28;}# #{\x29;}# #{;}# .    (rule 39)

   *default* : reduce using rule 39

state 158

   formals --> formals #{,}# . formal    (rule 97)

   *default* : Error
   in : shift and goto state 119
   inout : shift and goto state 118
   out : shift and goto state 117
   bool : shift and goto state 86
   void : shift and goto state 85
   Identifier : shift and goto state 24
   #{.}# : shift and goto state 23

state 159

   event --> event-direction variable-type Identifier #{\x28;}# formals #{\x29;}# . #{;}#    (rule 40)

   *default* : Error
   #{;}# : shift and goto state 201

state 160

   formal --> variable-type Identifier .    (rule 98)

   *default* : reduce using rule 98

state 161

   formal --> formal-direction variable-type . Identifier    (rule 99)

   *default* : Error
   Identifier : shift and goto state 202

state 162

   binding --> Identifier #{.}# . Identifier    (rule 33)

   *default* : Error
   Identifier : shift and goto state 203

state 163

   bind --> binding <=> binding #{;}# .    (rule 30)

   *default* : reduce using rule 30

state 164

   assignment-statement --> Identifier = . expression #{;}#    (rule 138)

   *default* : Error
   true : shift and goto state 173
   false : shift and goto state 172
   NumericLiteral : shift and goto state 42
   Data : shift and goto state 171
   Identifier : shift and goto state 170
   #{.}# : shift and goto state 23
   #{\x28;}# : shift and goto state 169
   ! : shift and goto state 168
   - : shift and goto state 41

state 165

   function-call --> Identifier #{\x28;}# . #{\x29;}#    (rule 86)
   function-call --> Identifier #{\x28;}# . arguments #{\x29;}#    (rule 87)

   *default* : Error
   #{\x29;}# : shift and goto state 205
   true : shift and goto state 173
   false : shift and goto state 172
   NumericLiteral : shift and goto state 42
   Data : shift and goto state 171
   Identifier : shift and goto state 170
   #{.}# : shift and goto state 23
   #{\x28;}# : shift and goto state 169
   ! : shift and goto state 168
   - : shift and goto state 41

state 166

   name-pair --> Identifier #{.}# . Identifier    (rule 10)
   reply-statement --> Identifier #{.}# . reply #{\x28;}# #{\x29;}# #{;}#    (rule 146)
   reply-statement --> Identifier #{.}# . reply #{\x28;}# expression #{\x29;}# #{;}#    (rule 147)

   *default* : Error
   reply : shift and goto state 208
   Identifier : shift and goto state 47

state 167

   illegal-statement --> illegal #{;}# .    (rule 137)

   *default* : reduce using rule 137

state 168

   expr --> ! . expr    (rule 71)

   *default* : Error
   true : shift and goto state 173
   false : shift and goto state 172
   NumericLiteral : shift and goto state 42
   Data : shift and goto state 171
   Identifier : shift and goto state 170
   #{.}# : shift and goto state 23
   #{\x28;}# : shift and goto state 169
   ! : shift and goto state 168
   - : shift and goto state 41

state 169

   expr --> #{\x28;}# . expr #{\x29;}#    (rule 70)

   *default* : Error
   true : shift and goto state 173
   false : shift and goto state 172
   NumericLiteral : shift and goto state 42
   Data : shift and goto state 171
   Identifier : shift and goto state 170
   #{.}# : shift and goto state 23
   #{\x28;}# : shift and goto state 169
   ! : shift and goto state 168
   - : shift and goto state 41

state 170

   name-pair --> Identifier .    (rule 9)
   name-pair --> Identifier . #{.}# Identifier    (rule 10)
   function-call --> Identifier . #{\x28;}# #{\x29;}#    (rule 86)
   function-call --> Identifier . #{\x28;}# arguments #{\x29;}#    (rule 87)

   *default* : reduce using rule 9
   #{\x28;}# : shift and goto state 165
   #{.}# : shift and goto state 34

state 171

   expr --> Data .    (rule 69)

   *default* : reduce using rule 69

state 172

   expr --> false .    (rule 65)

   *default* : reduce using rule 65

state 173

   expr --> true .    (rule 66)

   *default* : reduce using rule 66

state 174

   return-statement --> return #{;}# .    (rule 148)

   *default* : reduce using rule 148

state 175

   expr --> action .    (rule 85)

   *default* : reduce using rule 85

state 176

   expr --> function-call .    (rule 84)

   *default* : reduce using rule 84

state 177

   expression --> expr .    (rule 64)
   expr --> expr . && expr    (rule 72)
   expr --> expr . || expr    (rule 73)
   expr --> expr . == expr    (rule 74)
   expr --> expr . != expr    (rule 75)
   expr --> expr . < expr    (rule 76)
   expr --> expr . <= expr    (rule 77)
   expr --> expr . > expr    (rule 78)
   expr --> expr . >= expr    (rule 79)
   expr --> expr . + expr    (rule 80)
   expr --> expr . - expr    (rule 81)
   expr --> expr . * expr    (rule 82)
   expr --> expr . / expr    (rule 83)

   *default* : reduce using rule 64
   || : shift and goto state 222
   && : shift and goto state 221
   == : shift and goto state 220
   != : shift and goto state 219
   < : shift and goto state 218
   > : shift and goto state 217
   <= : shift and goto state 216
   >= : shift and goto state 215
   + : shift and goto state 214
   - : shift and goto state 213
   * : shift and goto state 212
   / : shift and goto state 211

state 178

   return-statement --> return expression . #{;}#    (rule 149)

   *default* : Error
   #{;}# : shift and goto state 223

state 179

   expr --> integer .    (rule 67)

   *default* : reduce using rule 67

state 180

   name --> name-pair .    (rule 7)
   action --> name-pair . #{\x28;}# #{\x29;}#    (rule 139)
   action --> name-pair . #{\x28;}# arguments #{\x29;}#    (rule 140)

   *default* : reduce using rule 7
   #{\x28;}# : shift and goto state 198

state 181

   name --> name . #{.}# Identifier    (rule 8)
   expr --> name .    (rule 68)

   *default* : reduce using rule 68
   #{.}# : shift and goto state 35

state 182

   reply-statement --> reply #{\x28;}# . expression #{\x29;}# #{;}#    (rule 145)

   *default* : Error
   true : shift and goto state 173
   false : shift and goto state 172
   NumericLiteral : shift and goto state 42
   Data : shift and goto state 171
   Identifier : shift and goto state 170
   #{.}# : shift and goto state 23
   #{\x28;}# : shift and goto state 169
   ! : shift and goto state 168
   - : shift and goto state 41

state 183

   if-statement --> if #{\x28;}# . expression #{\x29;}# statement    (rule 143)
   if-statement --> if #{\x28;}# . expression #{\x29;}# statement else statement    (rule 144)

   *default* : Error
   true : shift and goto state 173
   false : shift and goto state 172
   NumericLiteral : shift and goto state 42
   Data : shift and goto state 171
   Identifier : shift and goto state 170
   #{.}# : shift and goto state 23
   #{\x28;}# : shift and goto state 169
   ! : shift and goto state 168
   - : shift and goto state 41

state 184

   guard --> otherwise .    (rule 122)

   *default* : reduce using rule 122

state 185

   guarded-statement --> #{\x5b;}# guard . #{\x5d;}# statement    (rule 120)

   *default* : Error
   #{\x5d;}# : shift and goto state 226

state 186

   guard --> expression .    (rule 121)

   *default* : reduce using rule 121

state 187

   trigger --> Identifier .    (rule 131)
   trigger --> Identifier . #{\x28;}# #{\x29;}#    (rule 132)
   trigger --> Identifier . #{.}# Identifier    (rule 133)
   trigger --> Identifier . #{.}# Identifier #{\x28;}# #{\x29;}#    (rule 134)
   trigger --> Identifier . #{\x28;}# arguments #{\x29;}#    (rule 135)
   trigger --> Identifier . #{.}# Identifier #{\x28;}# arguments #{\x29;}#    (rule 136)

   *default* : reduce using rule 131
   #{.}# : shift and goto state 228
   #{\x28;}# : shift and goto state 227

state 188

   trigger-spec --> optional .    (rule 127)

   *default* : reduce using rule 127

state 189

   trigger-spec --> inevitable .    (rule 128)

   *default* : reduce using rule 128

state 190

   triggers --> trigger .    (rule 129)

   *default* : reduce using rule 129

state 191

   trigger-spec --> triggers .    (rule 126)
   triggers --> triggers . #{,}# trigger    (rule 130)

   *default* : reduce using rule 126
   #{,}# : shift and goto state 229

state 192

   on-event-statement --> on trigger-spec . : statement    (rule 124)

   *default* : Error
   : : shift and goto state 230

state 193

   on-event-statement --> blocking on . trigger-spec : statement    (rule 125)

   *default* : Error
   inevitable : shift and goto state 189
   optional : shift and goto state 188
   Identifier : shift and goto state 187

state 194

   statements --> statements . statement/variable    (rule 101)
   compound-statement --> #{\x7b;}# statements . #{\x7d;}#    (rule 123)

   *default* : Error
   #{\x7b;}# : shift and goto state 138
   #{\x7d;}# : shift and goto state 232
   blocking : shift and goto state 136
   on : shift and goto state 135
   #{\x5b;}# : shift and goto state 134
   if : shift and goto state 133
   reply : shift and goto state 132
   return : shift and goto state 131
   illegal : shift and goto state 130
   bool : shift and goto state 86
   void : shift and goto state 85
   Identifier : shift and goto state 129
   #{.}# : shift and goto state 23

state 195

   action-statement --> action #{;}# .    (rule 142)

   *default* : reduce using rule 142

state 196

   function-call-statement --> function-call #{;}# .    (rule 119)

   *default* : reduce using rule 119

state 197

   function --> variable-type Identifier . #{\x28;}# #{\x29;}# compound-statement    (rule 94)
   function --> variable-type Identifier . #{\x28;}# formals #{\x29;}# compound-statement    (rule 95)
   variable --> variable-type Identifier . #{;}#    (rule 150)
   variable --> variable-type Identifier . = expression #{;}#    (rule 151)

   *default* : Error
   #{;}# : shift and goto state 239
   #{\x28;}# : shift and goto state 238
   = : shift and goto state 237

state 198

   action --> name-pair #{\x28;}# . #{\x29;}#    (rule 139)
   action --> name-pair #{\x28;}# . arguments #{\x29;}#    (rule 140)

   *default* : Error
   #{\x29;}# : shift and goto state 240
   true : shift and goto state 173
   false : shift and goto state 172
   NumericLiteral : shift and goto state 42
   Data : shift and goto state 171
   Identifier : shift and goto state 170
   #{.}# : shift and goto state 23
   #{\x28;}# : shift and goto state 169
   ! : shift and goto state 168
   - : shift and goto state 41

state 199

   action-statement --> name-pair #{;}# .    (rule 141)

   *default* : reduce using rule 141

state 200

   formals --> formals #{,}# formal .    (rule 97)

   *default* : reduce using rule 97

state 201

   event --> event-direction variable-type Identifier #{\x28;}# formals #{\x29;}# #{;}# .    (rule 40)

   *default* : reduce using rule 40

state 202

   formal --> formal-direction variable-type Identifier .    (rule 99)

   *default* : reduce using rule 99

state 203

   binding --> Identifier #{.}# Identifier .    (rule 33)

   *default* : reduce using rule 33

state 204

   assignment-statement --> Identifier = expression . #{;}#    (rule 138)

   *default* : Error
   #{;}# : shift and goto state 242

state 205

   function-call --> Identifier #{\x28;}# #{\x29;}# .    (rule 86)

   *default* : reduce using rule 86

state 206

   function-call --> Identifier #{\x28;}# arguments . #{\x29;}#    (rule 87)
   arguments --> arguments . #{,}# expression    (rule 89)

   *default* : Error
   #{\x29;}# : shift and goto state 244
   #{,}# : shift and goto state 243

state 207

   arguments --> expression .    (rule 88)

   *default* : reduce using rule 88

state 208

   reply-statement --> Identifier #{.}# reply . #{\x28;}# #{\x29;}# #{;}#    (rule 146)
   reply-statement --> Identifier #{.}# reply . #{\x28;}# expression #{\x29;}# #{;}#    (rule 147)

   *default* : Error
   #{\x28;}# : shift and goto state 245

state 209

   expr --> ! expr .    (rule 71)
   expr --> expr . && expr    (rule 72)
   expr --> expr . || expr    (rule 73)
   expr --> expr . == expr    (rule 74)
   expr --> expr . != expr    (rule 75)
   expr --> expr . < expr    (rule 76)
   expr --> expr . <= expr    (rule 77)
   expr --> expr . > expr    (rule 78)
   expr --> expr . >= expr    (rule 79)
   expr --> expr . + expr    (rule 80)
   expr --> expr . - expr    (rule 81)
   expr --> expr . * expr    (rule 82)
   expr --> expr . / expr    (rule 83)

   *default* : reduce using rule 71
   / : shift and goto state 211
   * : shift and goto state 212
   - : shift and goto state 213
   + : shift and goto state 214

state 210

   expr --> #{\x28;}# expr . #{\x29;}#    (rule 70)
   expr --> expr . && expr    (rule 72)
   expr --> expr . || expr    (rule 73)
   expr --> expr . == expr    (rule 74)
   expr --> expr . != expr    (rule 75)
   expr --> expr . < expr    (rule 76)
   expr --> expr . <= expr    (rule 77)
   expr --> expr . > expr    (rule 78)
   expr --> expr . >= expr    (rule 79)
   expr --> expr . + expr    (rule 80)
   expr --> expr . - expr    (rule 81)
   expr --> expr . * expr    (rule 82)
   expr --> expr . / expr    (rule 83)

   *default* : Error
   #{\x29;}# : shift and goto state 246
   || : shift and goto state 222
   && : shift and goto state 221
   == : shift and goto state 220
   != : shift and goto state 219
   < : shift and goto state 218
   > : shift and goto state 217
   <= : shift and goto state 216
   >= : shift and goto state 215
   + : shift and goto state 214
   - : shift and goto state 213
   * : shift and goto state 212
   / : shift and goto state 211

state 211

   expr --> expr / . expr    (rule 83)

   *default* : Error
   true : shift and goto state 173
   false : shift and goto state 172
   NumericLiteral : shift and goto state 42
   Data : shift and goto state 171
   Identifier : shift and goto state 170
   #{.}# : shift and goto state 23
   #{\x28;}# : shift and goto state 169
   ! : shift and goto state 168
   - : shift and goto state 41

state 212

   expr --> expr * . expr    (rule 82)

   *default* : Error
   true : shift and goto state 173
   false : shift and goto state 172
   NumericLiteral : shift and goto state 42
   Data : shift and goto state 171
   Identifier : shift and goto state 170
   #{.}# : shift and goto state 23
   #{\x28;}# : shift and goto state 169
   ! : shift and goto state 168
   - : shift and goto state 41

state 213

   expr --> expr - . expr    (rule 81)

   *default* : Error
   true : shift and goto state 173
   false : shift and goto state 172
   NumericLiteral : shift and goto state 42
   Data : shift and goto state 171
   Identifier : shift and goto state 170
   #{.}# : shift and goto state 23
   #{\x28;}# : shift and goto state 169
   ! : shift and goto state 168
   - : shift and goto state 41

state 214

   expr --> expr + . expr    (rule 80)

   *default* : Error
   true : shift and goto state 173
   false : shift and goto state 172
   NumericLiteral : shift and goto state 42
   Data : shift and goto state 171
   Identifier : shift and goto state 170
   #{.}# : shift and goto state 23
   #{\x28;}# : shift and goto state 169
   ! : shift and goto state 168
   - : shift and goto state 41

state 215

   expr --> expr >= . expr    (rule 79)

   *default* : Error
   true : shift and goto state 173
   false : shift and goto state 172
   NumericLiteral : shift and goto state 42
   Data : shift and goto state 171
   Identifier : shift and goto state 170
   #{.}# : shift and goto state 23
   #{\x28;}# : shift and goto state 169
   ! : shift and goto state 168
   - : shift and goto state 41

state 216

   expr --> expr <= . expr    (rule 77)

   *default* : Error
   true : shift and goto state 173
   false : shift and goto state 172
   NumericLiteral : shift and goto state 42
   Data : shift and goto state 171
   Identifier : shift and goto state 170
   #{.}# : shift and goto state 23
   #{\x28;}# : shift and goto state 169
   ! : shift and goto state 168
   - : shift and goto state 41

state 217

   expr --> expr > . expr    (rule 78)

   *default* : Error
   true : shift and goto state 173
   false : shift and goto state 172
   NumericLiteral : shift and goto state 42
   Data : shift and goto state 171
   Identifier : shift and goto state 170
   #{.}# : shift and goto state 23
   #{\x28;}# : shift and goto state 169
   ! : shift and goto state 168
   - : shift and goto state 41

state 218

   expr --> expr < . expr    (rule 76)

   *default* : Error
   true : shift and goto state 173
   false : shift and goto state 172
   NumericLiteral : shift and goto state 42
   Data : shift and goto state 171
   Identifier : shift and goto state 170
   #{.}# : shift and goto state 23
   #{\x28;}# : shift and goto state 169
   ! : shift and goto state 168
   - : shift and goto state 41

state 219

   expr --> expr != . expr    (rule 75)

   *default* : Error
   true : shift and goto state 173
   false : shift and goto state 172
   NumericLiteral : shift and goto state 42
   Data : shift and goto state 171
   Identifier : shift and goto state 170
   #{.}# : shift and goto state 23
   #{\x28;}# : shift and goto state 169
   ! : shift and goto state 168
   - : shift and goto state 41

state 220

   expr --> expr == . expr    (rule 74)

   *default* : Error
   true : shift and goto state 173
   false : shift and goto state 172
   NumericLiteral : shift and goto state 42
   Data : shift and goto state 171
   Identifier : shift and goto state 170
   #{.}# : shift and goto state 23
   #{\x28;}# : shift and goto state 169
   ! : shift and goto state 168
   - : shift and goto state 41

state 221

   expr --> expr && . expr    (rule 72)

   *default* : Error
   true : shift and goto state 173
   false : shift and goto state 172
   NumericLiteral : shift and goto state 42
   Data : shift and goto state 171
   Identifier : shift and goto state 170
   #{.}# : shift and goto state 23
   #{\x28;}# : shift and goto state 169
   ! : shift and goto state 168
   - : shift and goto state 41

state 222

   expr --> expr || . expr    (rule 73)

   *default* : Error
   true : shift and goto state 173
   false : shift and goto state 172
   NumericLiteral : shift and goto state 42
   Data : shift and goto state 171
   Identifier : shift and goto state 170
   #{.}# : shift and goto state 23
   #{\x28;}# : shift and goto state 169
   ! : shift and goto state 168
   - : shift and goto state 41

state 223

   return-statement --> return expression #{;}# .    (rule 149)

   *default* : reduce using rule 149

state 224

   reply-statement --> reply #{\x28;}# expression . #{\x29;}# #{;}#    (rule 145)

   *default* : Error
   #{\x29;}# : shift and goto state 259

state 225

   if-statement --> if #{\x28;}# expression . #{\x29;}# statement    (rule 143)
   if-statement --> if #{\x28;}# expression . #{\x29;}# statement else statement    (rule 144)

   *default* : Error
   #{\x29;}# : shift and goto state 260

state 226

   guarded-statement --> #{\x5b;}# guard #{\x5d;}# . statement    (rule 120)

   *default* : Error
   #{\x7b;}# : shift and goto state 138
   blocking : shift and goto state 136
   on : shift and goto state 135
   #{\x5b;}# : shift and goto state 134
   if : shift and goto state 133
   reply : shift and goto state 132
   return : shift and goto state 131
   illegal : shift and goto state 130
   Identifier : shift and goto state 129

state 227

   trigger --> Identifier #{\x28;}# . #{\x29;}#    (rule 132)
   trigger --> Identifier #{\x28;}# . arguments #{\x29;}#    (rule 135)

   *default* : Error
   #{\x29;}# : shift and goto state 263
   true : shift and goto state 173
   false : shift and goto state 172
   NumericLiteral : shift and goto state 42
   Data : shift and goto state 171
   Identifier : shift and goto state 170
   #{.}# : shift and goto state 23
   #{\x28;}# : shift and goto state 169
   ! : shift and goto state 168
   - : shift and goto state 41

state 228

   trigger --> Identifier #{.}# . Identifier    (rule 133)
   trigger --> Identifier #{.}# . Identifier #{\x28;}# #{\x29;}#    (rule 134)
   trigger --> Identifier #{.}# . Identifier #{\x28;}# arguments #{\x29;}#    (rule 136)

   *default* : Error
   Identifier : shift and goto state 265

state 229

   triggers --> triggers #{,}# . trigger    (rule 130)

   *default* : Error
   Identifier : shift and goto state 187

state 230

   on-event-statement --> on trigger-spec : . statement    (rule 124)

   *default* : Error
   #{\x7b;}# : shift and goto state 138
   blocking : shift and goto state 136
   on : shift and goto state 135
   #{\x5b;}# : shift and goto state 134
   if : shift and goto state 133
   reply : shift and goto state 132
   return : shift and goto state 131
   illegal : shift and goto state 130
   Identifier : shift and goto state 129

state 231

   on-event-statement --> blocking on trigger-spec . : statement    (rule 125)

   *default* : Error
   : : shift and goto state 268

state 232

   compound-statement --> #{\x7b;}# statements #{\x7d;}# .    (rule 123)

   *default* : reduce using rule 123

state 233

   statement/variable --> variable .    (rule 103)

   *default* : reduce using rule 103

state 234

   statement/variable --> statement .    (rule 102)

   *default* : reduce using rule 102

state 235

   statements --> statements statement/variable .    (rule 101)

   *default* : reduce using rule 101

state 236

   variable --> variable-type . Identifier #{;}#    (rule 150)
   variable --> variable-type . Identifier = expression #{;}#    (rule 151)

   *default* : Error
   Identifier : shift and goto state 269

state 237

   variable --> variable-type Identifier = . expression #{;}#    (rule 151)

   *default* : Error
   true : shift and goto state 173
   false : shift and goto state 172
   NumericLiteral : shift and goto state 42
   Data : shift and goto state 171
   Identifier : shift and goto state 170
   #{.}# : shift and goto state 23
   #{\x28;}# : shift and goto state 169
   ! : shift and goto state 168
   - : shift and goto state 41

state 238

   function --> variable-type Identifier #{\x28;}# . #{\x29;}# compound-statement    (rule 94)
   function --> variable-type Identifier #{\x28;}# . formals #{\x29;}# compound-statement    (rule 95)

   *default* : Error
   #{\x29;}# : shift and goto state 271
   in : shift and goto state 119
   inout : shift and goto state 118
   out : shift and goto state 117
   bool : shift and goto state 86
   void : shift and goto state 85
   Identifier : shift and goto state 24
   #{.}# : shift and goto state 23

state 239

   variable --> variable-type Identifier #{;}# .    (rule 150)

   *default* : reduce using rule 150

state 240

   action --> name-pair #{\x28;}# #{\x29;}# .    (rule 139)

   *default* : reduce using rule 139

state 241

   arguments --> arguments . #{,}# expression    (rule 89)
   action --> name-pair #{\x28;}# arguments . #{\x29;}#    (rule 140)

   *default* : Error
   #{\x29;}# : shift and goto state 273
   #{,}# : shift and goto state 243

state 242

   assignment-statement --> Identifier = expression #{;}# .    (rule 138)

   *default* : reduce using rule 138

state 243

   arguments --> arguments #{,}# . expression    (rule 89)

   *default* : Error
   true : shift and goto state 173
   false : shift and goto state 172
   NumericLiteral : shift and goto state 42
   Data : shift and goto state 171
   Identifier : shift and goto state 170
   #{.}# : shift and goto state 23
   #{\x28;}# : shift and goto state 169
   ! : shift and goto state 168
   - : shift and goto state 41

state 244

   function-call --> Identifier #{\x28;}# arguments #{\x29;}# .    (rule 87)

   *default* : reduce using rule 87

state 245

   reply-statement --> Identifier #{.}# reply #{\x28;}# . #{\x29;}# #{;}#    (rule 146)
   reply-statement --> Identifier #{.}# reply #{\x28;}# . expression #{\x29;}# #{;}#    (rule 147)

   *default* : Error
   #{\x29;}# : shift and goto state 275
   true : shift and goto state 173
   false : shift and goto state 172
   NumericLiteral : shift and goto state 42
   Data : shift and goto state 171
   Identifier : shift and goto state 170
   #{.}# : shift and goto state 23
   #{\x28;}# : shift and goto state 169
   ! : shift and goto state 168
   - : shift and goto state 41

state 246

   expr --> #{\x28;}# expr #{\x29;}# .    (rule 70)

   *default* : reduce using rule 70

state 247

   expr --> expr . && expr    (rule 72)
   expr --> expr . || expr    (rule 73)
   expr --> expr . == expr    (rule 74)
   expr --> expr . != expr    (rule 75)
   expr --> expr . < expr    (rule 76)
   expr --> expr . <= expr    (rule 77)
   expr --> expr . > expr    (rule 78)
   expr --> expr . >= expr    (rule 79)
   expr --> expr . + expr    (rule 80)
   expr --> expr . - expr    (rule 81)
   expr --> expr . * expr    (rule 82)
   expr --> expr . / expr    (rule 83)
   expr --> expr / expr .    (rule 83)

   *default* : reduce using rule 83

state 248

   expr --> expr . && expr    (rule 72)
   expr --> expr . || expr    (rule 73)
   expr --> expr . == expr    (rule 74)
   expr --> expr . != expr    (rule 75)
   expr --> expr . < expr    (rule 76)
   expr --> expr . <= expr    (rule 77)
   expr --> expr . > expr    (rule 78)
   expr --> expr . >= expr    (rule 79)
   expr --> expr . + expr    (rule 80)
   expr --> expr . - expr    (rule 81)
   expr --> expr . * expr    (rule 82)
   expr --> expr * expr .    (rule 82)
   expr --> expr . / expr    (rule 83)

   *default* : reduce using rule 82

state 249

   expr --> expr . && expr    (rule 72)
   expr --> expr . || expr    (rule 73)
   expr --> expr . == expr    (rule 74)
   expr --> expr . != expr    (rule 75)
   expr --> expr . < expr    (rule 76)
   expr --> expr . <= expr    (rule 77)
   expr --> expr . > expr    (rule 78)
   expr --> expr . >= expr    (rule 79)
   expr --> expr . + expr    (rule 80)
   expr --> expr . - expr    (rule 81)
   expr --> expr - expr .    (rule 81)
   expr --> expr . * expr    (rule 82)
   expr --> expr . / expr    (rule 83)

   *default* : reduce using rule 81
   / : shift and goto state 211
   * : shift and goto state 212

state 250

   expr --> expr . && expr    (rule 72)
   expr --> expr . || expr    (rule 73)
   expr --> expr . == expr    (rule 74)
   expr --> expr . != expr    (rule 75)
   expr --> expr . < expr    (rule 76)
   expr --> expr . <= expr    (rule 77)
   expr --> expr . > expr    (rule 78)
   expr --> expr . >= expr    (rule 79)
   expr --> expr . + expr    (rule 80)
   expr --> expr + expr .    (rule 80)
   expr --> expr . - expr    (rule 81)
   expr --> expr . * expr    (rule 82)
   expr --> expr . / expr    (rule 83)

   *default* : reduce using rule 80
   / : shift and goto state 211
   * : shift and goto state 212

state 251

   expr --> expr . && expr    (rule 72)
   expr --> expr . || expr    (rule 73)
   expr --> expr . == expr    (rule 74)
   expr --> expr . != expr    (rule 75)
   expr --> expr . < expr    (rule 76)
   expr --> expr . <= expr    (rule 77)
   expr --> expr . > expr    (rule 78)
   expr --> expr . >= expr    (rule 79)
   expr --> expr >= expr .    (rule 79)
   expr --> expr . + expr    (rule 80)
   expr --> expr . - expr    (rule 81)
   expr --> expr . * expr    (rule 82)
   expr --> expr . / expr    (rule 83)

   *default* : reduce using rule 79
   / : shift and goto state 211
   * : shift and goto state 212
   - : shift and goto state 213
   + : shift and goto state 214

state 252

   expr --> expr . && expr    (rule 72)
   expr --> expr . || expr    (rule 73)
   expr --> expr . == expr    (rule 74)
   expr --> expr . != expr    (rule 75)
   expr --> expr . < expr    (rule 76)
   expr --> expr . <= expr    (rule 77)
   expr --> expr <= expr .    (rule 77)
   expr --> expr . > expr    (rule 78)
   expr --> expr . >= expr    (rule 79)
   expr --> expr . + expr    (rule 80)
   expr --> expr . - expr    (rule 81)
   expr --> expr . * expr    (rule 82)
   expr --> expr . / expr    (rule 83)

   *default* : reduce using rule 77
   / : shift and goto state 211
   * : shift and goto state 212
   - : shift and goto state 213
   + : shift and goto state 214

state 253

   expr --> expr . && expr    (rule 72)
   expr --> expr . || expr    (rule 73)
   expr --> expr . == expr    (rule 74)
   expr --> expr . != expr    (rule 75)
   expr --> expr . < expr    (rule 76)
   expr --> expr . <= expr    (rule 77)
   expr --> expr . > expr    (rule 78)
   expr --> expr > expr .    (rule 78)
   expr --> expr . >= expr    (rule 79)
   expr --> expr . + expr    (rule 80)
   expr --> expr . - expr    (rule 81)
   expr --> expr . * expr    (rule 82)
   expr --> expr . / expr    (rule 83)

   *default* : reduce using rule 78
   / : shift and goto state 211
   * : shift and goto state 212
   - : shift and goto state 213
   + : shift and goto state 214

state 254

   expr --> expr . && expr    (rule 72)
   expr --> expr . || expr    (rule 73)
   expr --> expr . == expr    (rule 74)
   expr --> expr . != expr    (rule 75)
   expr --> expr . < expr    (rule 76)
   expr --> expr < expr .    (rule 76)
   expr --> expr . <= expr    (rule 77)
   expr --> expr . > expr    (rule 78)
   expr --> expr . >= expr    (rule 79)
   expr --> expr . + expr    (rule 80)
   expr --> expr . - expr    (rule 81)
   expr --> expr . * expr    (rule 82)
   expr --> expr . / expr    (rule 83)

   *default* : reduce using rule 76
   / : shift and goto state 211
   * : shift and goto state 212
   - : shift and goto state 213
   + : shift and goto state 214

state 255

   expr --> expr . && expr    (rule 72)
   expr --> expr . || expr    (rule 73)
   expr --> expr . == expr    (rule 74)
   expr --> expr . != expr    (rule 75)
   expr --> expr != expr .    (rule 75)
   expr --> expr . < expr    (rule 76)
   expr --> expr . <= expr    (rule 77)
   expr --> expr . > expr    (rule 78)
   expr --> expr . >= expr    (rule 79)
   expr --> expr . + expr    (rule 80)
   expr --> expr . - expr    (rule 81)
   expr --> expr . * expr    (rule 82)
   expr --> expr . / expr    (rule 83)

   *default* : reduce using rule 75
   / : shift and goto state 211
   * : shift and goto state 212
   - : shift and goto state 213
   + : shift and goto state 214

state 256

   expr --> expr . && expr    (rule 72)
   expr --> expr . || expr    (rule 73)
   expr --> expr . == expr    (rule 74)
   expr --> expr == expr .    (rule 74)
   expr --> expr . != expr    (rule 75)
   expr --> expr . < expr    (rule 76)
   expr --> expr . <= expr    (rule 77)
   expr --> expr . > expr    (rule 78)
   expr --> expr . >= expr    (rule 79)
   expr --> expr . + expr    (rule 80)
   expr --> expr . - expr    (rule 81)
   expr --> expr . * expr    (rule 82)
   expr --> expr . / expr    (rule 83)

   *default* : reduce using rule 74
   / : shift and goto state 211
   * : shift and goto state 212
   - : shift and goto state 213
   + : shift and goto state 214

state 257

   expr --> expr . && expr    (rule 72)
   expr --> expr && expr .    (rule 72)
   expr --> expr . || expr    (rule 73)
   expr --> expr . == expr    (rule 74)
   expr --> expr . != expr    (rule 75)
   expr --> expr . < expr    (rule 76)
   expr --> expr . <= expr    (rule 77)
   expr --> expr . > expr    (rule 78)
   expr --> expr . >= expr    (rule 79)
   expr --> expr . + expr    (rule 80)
   expr --> expr . - expr    (rule 81)
   expr --> expr . * expr    (rule 82)
   expr --> expr . / expr    (rule 83)

   *default* : reduce using rule 72
   / : shift and goto state 211
   * : shift and goto state 212
   - : shift and goto state 213
   + : shift and goto state 214
   >= : shift and goto state 215
   <= : shift and goto state 216
   > : shift and goto state 217
   < : shift and goto state 218
   != : shift and goto state 219
   == : shift and goto state 220

state 258

   expr --> expr . && expr    (rule 72)
   expr --> expr . || expr    (rule 73)
   expr --> expr || expr .    (rule 73)
   expr --> expr . == expr    (rule 74)
   expr --> expr . != expr    (rule 75)
   expr --> expr . < expr    (rule 76)
   expr --> expr . <= expr    (rule 77)
   expr --> expr . > expr    (rule 78)
   expr --> expr . >= expr    (rule 79)
   expr --> expr . + expr    (rule 80)
   expr --> expr . - expr    (rule 81)
   expr --> expr . * expr    (rule 82)
   expr --> expr . / expr    (rule 83)

   *default* : reduce using rule 73
   / : shift and goto state 211
   * : shift and goto state 212
   - : shift and goto state 213
   + : shift and goto state 214
   >= : shift and goto state 215
   <= : shift and goto state 216
   > : shift and goto state 217
   < : shift and goto state 218
   != : shift and goto state 219
   == : shift and goto state 220
   && : shift and goto state 221

state 259

   reply-statement --> reply #{\x28;}# expression #{\x29;}# . #{;}#    (rule 145)

   *default* : Error
   #{;}# : shift and goto state 277

state 260

   if-statement --> if #{\x28;}# expression #{\x29;}# . statement    (rule 143)
   if-statement --> if #{\x28;}# expression #{\x29;}# . statement else statement    (rule 144)

   *default* : Error
   #{\x7b;}# : shift and goto state 138
   blocking : shift and goto state 136
   on : shift and goto state 135
   #{\x5b;}# : shift and goto state 134
   if : shift and goto state 133
   reply : shift and goto state 132
   return : shift and goto state 131
   illegal : shift and goto state 130
   Identifier : shift and goto state 129

state 261

   guarded-statement --> #{\x5b;}# guard #{\x5d;}# statement .    (rule 120)

   *default* : reduce using rule 120

state 262

   action --> name-pair . #{\x28;}# #{\x29;}#    (rule 139)
   action --> name-pair . #{\x28;}# arguments #{\x29;}#    (rule 140)
   action-statement --> name-pair . #{;}#    (rule 141)

   *default* : Error
   #{;}# : shift and goto state 199
   #{\x28;}# : shift and goto state 198

state 263

   trigger --> Identifier #{\x28;}# #{\x29;}# .    (rule 132)

   *default* : reduce using rule 132

state 264

   arguments --> arguments . #{,}# expression    (rule 89)
   trigger --> Identifier #{\x28;}# arguments . #{\x29;}#    (rule 135)

   *default* : Error
   #{\x29;}# : shift and goto state 279
   #{,}# : shift and goto state 243

state 265

   trigger --> Identifier #{.}# Identifier .    (rule 133)
   trigger --> Identifier #{.}# Identifier . #{\x28;}# #{\x29;}#    (rule 134)
   trigger --> Identifier #{.}# Identifier . #{\x28;}# arguments #{\x29;}#    (rule 136)

   *default* : reduce using rule 133
   #{\x28;}# : shift and goto state 280

state 266

   triggers --> triggers #{,}# trigger .    (rule 130)

   *default* : reduce using rule 130

state 267

   on-event-statement --> on trigger-spec : statement .    (rule 124)

   *default* : reduce using rule 124

state 268

   on-event-statement --> blocking on trigger-spec : . statement    (rule 125)

   *default* : Error
   #{\x7b;}# : shift and goto state 138
   blocking : shift and goto state 136
   on : shift and goto state 135
   #{\x5b;}# : shift and goto state 134
   if : shift and goto state 133
   reply : shift and goto state 132
   return : shift and goto state 131
   illegal : shift and goto state 130
   Identifier : shift and goto state 129

state 269

   variable --> variable-type Identifier . #{;}#    (rule 150)
   variable --> variable-type Identifier . = expression #{;}#    (rule 151)

   *default* : Error
   #{;}# : shift and goto state 239
   = : shift and goto state 237

state 270

   variable --> variable-type Identifier = expression . #{;}#    (rule 151)

   *default* : Error
   #{;}# : shift and goto state 282

state 271

   function --> variable-type Identifier #{\x28;}# #{\x29;}# . compound-statement    (rule 94)

   *default* : Error
   #{\x7b;}# : shift and goto state 138

state 272

   function --> variable-type Identifier #{\x28;}# formals . #{\x29;}# compound-statement    (rule 95)
   formals --> formals . #{,}# formal    (rule 97)

   *default* : Error
   #{\x29;}# : shift and goto state 284
   #{,}# : shift and goto state 158

state 273

   action --> name-pair #{\x28;}# arguments #{\x29;}# .    (rule 140)

   *default* : reduce using rule 140

state 274

   arguments --> arguments #{,}# expression .    (rule 89)

   *default* : reduce using rule 89

state 275

   reply-statement --> Identifier #{.}# reply #{\x28;}# #{\x29;}# . #{;}#    (rule 146)

   *default* : Error
   #{;}# : shift and goto state 285

state 276

   reply-statement --> Identifier #{.}# reply #{\x28;}# expression . #{\x29;}# #{;}#    (rule 147)

   *default* : Error
   #{\x29;}# : shift and goto state 286

state 277

   reply-statement --> reply #{\x28;}# expression #{\x29;}# #{;}# .    (rule 145)

   *default* : reduce using rule 145

state 278

   if-statement --> if #{\x28;}# expression #{\x29;}# statement .    (rule 143)
   if-statement --> if #{\x28;}# expression #{\x29;}# statement . else statement    (rule 144)

   *default* : reduce using rule 143
   else : shift and goto state 287

state 279

   trigger --> Identifier #{\x28;}# arguments #{\x29;}# .    (rule 135)

   *default* : reduce using rule 135

state 280

   trigger --> Identifier #{.}# Identifier #{\x28;}# . #{\x29;}#    (rule 134)
   trigger --> Identifier #{.}# Identifier #{\x28;}# . arguments #{\x29;}#    (rule 136)

   *default* : Error
   #{\x29;}# : shift and goto state 288
   true : shift and goto state 173
   false : shift and goto state 172
   NumericLiteral : shift and goto state 42
   Data : shift and goto state 171
   Identifier : shift and goto state 170
   #{.}# : shift and goto state 23
   #{\x28;}# : shift and goto state 169
   ! : shift and goto state 168
   - : shift and goto state 41

state 281

   on-event-statement --> blocking on trigger-spec : statement .    (rule 125)

   *default* : reduce using rule 125

state 282

   variable --> variable-type Identifier = expression #{;}# .    (rule 151)

   *default* : reduce using rule 151

state 283

   function --> variable-type Identifier #{\x28;}# #{\x29;}# compound-statement .    (rule 94)

   *default* : reduce using rule 94

state 284

   function --> variable-type Identifier #{\x28;}# formals #{\x29;}# . compound-statement    (rule 95)

   *default* : Error
   #{\x7b;}# : shift and goto state 138

state 285

   reply-statement --> Identifier #{.}# reply #{\x28;}# #{\x29;}# #{;}# .    (rule 146)

   *default* : reduce using rule 146

state 286

   reply-statement --> Identifier #{.}# reply #{\x28;}# expression #{\x29;}# . #{;}#    (rule 147)

   *default* : Error
   #{;}# : shift and goto state 291

state 287

   if-statement --> if #{\x28;}# expression #{\x29;}# statement else . statement    (rule 144)

   *default* : Error
   #{\x7b;}# : shift and goto state 138
   blocking : shift and goto state 136
   on : shift and goto state 135
   #{\x5b;}# : shift and goto state 134
   if : shift and goto state 133
   reply : shift and goto state 132
   return : shift and goto state 131
   illegal : shift and goto state 130
   Identifier : shift and goto state 129

state 288

   trigger --> Identifier #{.}# Identifier #{\x28;}# #{\x29;}# .    (rule 134)

   *default* : reduce using rule 134

state 289

   arguments --> arguments . #{,}# expression    (rule 89)
   trigger --> Identifier #{.}# Identifier #{\x28;}# arguments . #{\x29;}#    (rule 136)

   *default* : Error
   #{\x29;}# : shift and goto state 293
   #{,}# : shift and goto state 243

state 290

   function --> variable-type Identifier #{\x28;}# formals #{\x29;}# compound-statement .    (rule 95)

   *default* : reduce using rule 95

state 291

   reply-statement --> Identifier #{.}# reply #{\x28;}# expression #{\x29;}# #{;}# .    (rule 147)

   *default* : reduce using rule 147

state 292

   if-statement --> if #{\x28;}# expression #{\x29;}# statement else statement .    (rule 144)

   *default* : reduce using rule 144

state 293

   trigger --> Identifier #{.}# Identifier #{\x28;}# arguments #{\x29;}# .    (rule 136)

   *default* : reduce using rule 136

