State table
-----------

state 0

   *start* --> . program *eoi*    (rule 1)

   *default* : reduce using rule 3

state 1

   program --> model-list . *eoi*    (rule 2)
   model-list --> model-list . model-spec    (rule 4)

   *default* : reduce using rule 8
   *eoi* : shift and goto state 5
   interface : shift and goto state 3
   component : shift and goto state 4

state 2

   *start* --> program . *eoi*    (rule 1)

   *default* : Error
   *eoi* : shift and goto state 10

state 3

   interface-spec --> interface . Identifier lbrace type-list event-list optional-behaviour rbrace    (rule 10)

   *default* : Error
   Identifier : shift and goto state 11

state 4

   component-spec --> component . Identifier lbrace port-list optional-behaviour rbrace    (rule 11)

   *default* : Error
   Identifier : shift and goto state 12

state 5

   program --> model-list *eoi* .    (rule 2)

   *default* : reduce using rule 2

state 6

   model-spec --> component-spec .    (rule 7)

   *default* : reduce using rule 7

state 7

   model-spec --> interface-spec .    (rule 6)

   *default* : reduce using rule 6

state 8

   model-spec --> import-list .    (rule 5)
   import-list --> import-list . import-spec    (rule 9)

   *default* : reduce using rule 5
   import : shift and goto state 13

state 9

   model-list --> model-list model-spec .    (rule 4)

   *default* : reduce using rule 4

state 10

   *start* --> program *eoi* .    (rule 1)

   *default* : reduce using rule 1
   *eoi* : Accept input

state 11

   interface-spec --> interface Identifier . lbrace type-list event-list optional-behaviour rbrace    (rule 10)

   *default* : Error
   lbrace : shift and goto state 15

state 12

   component-spec --> component Identifier . lbrace port-list optional-behaviour rbrace    (rule 11)

   *default* : Error
   lbrace : shift and goto state 16

state 13

   import-spec --> import . Identifier semicolon    (rule 12)

   *default* : Error
   Identifier : shift and goto state 17

state 14

   import-list --> import-list import-spec .    (rule 9)

   *default* : reduce using rule 9

state 15

   interface-spec --> interface Identifier lbrace . type-list event-list optional-behaviour rbrace    (rule 10)

   *default* : reduce using rule 23

state 16

   component-spec --> component Identifier lbrace . port-list optional-behaviour rbrace    (rule 11)

   *default* : reduce using rule 18

state 17

   import-spec --> import Identifier . semicolon    (rule 12)

   *default* : Error
   semicolon : shift and goto state 20

state 18

   interface-spec --> interface Identifier lbrace type-list . event-list optional-behaviour rbrace    (rule 10)
   type-list --> type-list . type-spec    (rule 24)

   *default* : reduce using rule 13
   enum : shift and goto state 21

state 19

   component-spec --> component Identifier lbrace port-list . optional-behaviour rbrace    (rule 11)
   port-list --> port-list . port    (rule 19)

   *default* : reduce using rule 37
   requires : shift and goto state 25
   provides : shift and goto state 26
   behaviour : shift and goto state 27

state 20

   import-spec --> import Identifier semicolon .    (rule 12)

   *default* : reduce using rule 12

state 21

   enum-spec --> enum . enum-identifier lbrace enum-value-list rbrace semicolon    (rule 31)

   *default* : Error
   Identifier : shift and goto state 31

state 22

   type-spec --> enum-spec .    (rule 25)

   *default* : reduce using rule 25

state 23

   type-list --> type-list type-spec .    (rule 24)

   *default* : reduce using rule 24

state 24

   interface-spec --> interface Identifier lbrace type-list event-list . optional-behaviour rbrace    (rule 10)
   event-list --> event-list . event    (rule 14)

   *default* : reduce using rule 37
   out : shift and goto state 33
   in : shift and goto state 34
   behaviour : shift and goto state 27

state 25

   port-direction --> requires .    (rule 22)

   *default* : reduce using rule 22

state 26

   port-direction --> provides .    (rule 21)

   *default* : reduce using rule 21

state 27

   optional-behaviour --> behaviour . lbrace type-list variable-list behaviour-statement-list rbrace    (rule 38)
   optional-behaviour --> behaviour . Identifier lbrace type-list variable-list behaviour-statement-list rbrace    (rule 39)

   *default* : Error
   Identifier : shift and goto state 39
   lbrace : shift and goto state 38

state 28

   component-spec --> component Identifier lbrace port-list optional-behaviour . rbrace    (rule 11)

   *default* : Error
   rbrace : shift and goto state 40

state 29

   port --> port-direction . type Identifier semicolon    (rule 20)

   *default* : Error
   Identifier : shift and goto state 31
   bool : shift and goto state 43
   int : shift and goto state 42
   void : shift and goto state 41

state 30

   port-list --> port-list port .    (rule 19)

   *default* : reduce using rule 19

state 31

   enum-identifier --> Identifier .    (rule 30)

   *default* : reduce using rule 30

state 32

   enum-spec --> enum enum-identifier . lbrace enum-value-list rbrace semicolon    (rule 31)

   *default* : Error
   lbrace : shift and goto state 46

state 33

   event-direction --> out .    (rule 17)

   *default* : reduce using rule 17

state 34

   event-direction --> in .    (rule 16)

   *default* : reduce using rule 16

state 35

   interface-spec --> interface Identifier lbrace type-list event-list optional-behaviour . rbrace    (rule 10)

   *default* : Error
   rbrace : shift and goto state 47

state 36

   event --> event-direction . type Identifier semicolon    (rule 15)

   *default* : Error
   Identifier : shift and goto state 31
   bool : shift and goto state 43
   int : shift and goto state 42
   void : shift and goto state 41

state 37

   event-list --> event-list event .    (rule 14)

   *default* : reduce using rule 14

state 38

   optional-behaviour --> behaviour lbrace . type-list variable-list behaviour-statement-list rbrace    (rule 38)

   *default* : reduce using rule 23

state 39

   optional-behaviour --> behaviour Identifier . lbrace type-list variable-list behaviour-statement-list rbrace    (rule 39)

   *default* : Error
   lbrace : shift and goto state 50

state 40

   component-spec --> component Identifier lbrace port-list optional-behaviour rbrace .    (rule 11)

   *default* : reduce using rule 11

state 41

   type --> void .    (rule 29)

   *default* : reduce using rule 29

state 42

   type --> int .    (rule 27)

   *default* : reduce using rule 27

state 43

   type --> bool .    (rule 26)

   *default* : reduce using rule 26

state 44

   type --> enum-identifier .    (rule 28)

   *default* : reduce using rule 28

state 45

   port --> port-direction type . Identifier semicolon    (rule 20)

   *default* : Error
   Identifier : shift and goto state 51

state 46

   enum-spec --> enum enum-identifier lbrace . enum-value-list rbrace semicolon    (rule 31)

   *default* : Error
   Identifier : shift and goto state 52

state 47

   interface-spec --> interface Identifier lbrace type-list event-list optional-behaviour rbrace .    (rule 10)

   *default* : reduce using rule 10

state 48

   event --> event-direction type . Identifier semicolon    (rule 15)

   *default* : Error
   Identifier : shift and goto state 55

state 49

   type-list --> type-list . type-spec    (rule 24)
   optional-behaviour --> behaviour lbrace type-list . variable-list behaviour-statement-list rbrace    (rule 38)

   *default* : reduce using rule 64
   enum : shift and goto state 21

state 50

   optional-behaviour --> behaviour Identifier lbrace . type-list variable-list behaviour-statement-list rbrace    (rule 39)

   *default* : reduce using rule 23

state 51

   port --> port-direction type Identifier . semicolon    (rule 20)

   *default* : Error
   semicolon : shift and goto state 58

state 52

   enum-value --> Identifier .    (rule 34)

   *default* : reduce using rule 34

state 53

   enum-value-list --> enum-value .    (rule 32)

   *default* : reduce using rule 32

state 54

   enum-spec --> enum enum-identifier lbrace enum-value-list . rbrace semicolon    (rule 31)
   enum-value-list --> enum-value-list . comma enum-value    (rule 33)

   *default* : Error
   comma : shift and goto state 60
   rbrace : shift and goto state 59

state 55

   event --> event-direction type Identifier . semicolon    (rule 15)

   *default* : Error
   semicolon : shift and goto state 61

state 56

   optional-behaviour --> behaviour lbrace type-list variable-list . behaviour-statement-list rbrace    (rule 38)
   variable-list --> variable-list . variable    (rule 65)

   *default* : reduce using rule 40
   void : shift and goto state 41
   int : shift and goto state 42
   bool : shift and goto state 43
   Identifier : shift and goto state 31

state 57

   type-list --> type-list . type-spec    (rule 24)
   optional-behaviour --> behaviour Identifier lbrace type-list . variable-list behaviour-statement-list rbrace    (rule 39)

   *default* : reduce using rule 64
   enum : shift and goto state 21

state 58

   port --> port-direction type Identifier semicolon .    (rule 20)

   *default* : reduce using rule 20

state 59

   enum-spec --> enum enum-identifier lbrace enum-value-list rbrace . semicolon    (rule 31)

   *default* : Error
   semicolon : shift and goto state 66

state 60

   enum-value-list --> enum-value-list comma . enum-value    (rule 33)

   *default* : Error
   Identifier : shift and goto state 52

state 61

   event --> event-direction type Identifier semicolon .    (rule 15)

   *default* : reduce using rule 15

state 62

   variable-list --> variable-list variable .    (rule 65)

   *default* : reduce using rule 65

state 63

   optional-behaviour --> behaviour lbrace type-list variable-list behaviour-statement-list . rbrace    (rule 38)
   behaviour-statement-list --> behaviour-statement-list . behaviour-statement    (rule 41)

   *default* : Error
   Identifier : shift and goto state 73
   illegal : shift and goto state 72
   lbrace : shift and goto state 71
   lbracket : shift and goto state 70
   on : shift and goto state 69
   rbrace : shift and goto state 68

state 64

   variable --> type . Identifier = expression semicolon    (rule 66)

   *default* : Error
   Identifier : shift and goto state 83

state 65

   optional-behaviour --> behaviour Identifier lbrace type-list variable-list . behaviour-statement-list rbrace    (rule 39)
   variable-list --> variable-list . variable    (rule 65)

   *default* : reduce using rule 40
   void : shift and goto state 41
   int : shift and goto state 42
   bool : shift and goto state 43
   Identifier : shift and goto state 31

state 66

   enum-spec --> enum enum-identifier lbrace enum-value-list rbrace semicolon .    (rule 31)

   *default* : reduce using rule 31

state 67

   enum-value-list --> enum-value-list comma enum-value .    (rule 33)

   *default* : reduce using rule 33

state 68

   optional-behaviour --> behaviour lbrace type-list variable-list behaviour-statement-list rbrace .    (rule 38)

   *default* : reduce using rule 38

state 69

   on-event-statement --> on . trigger-spec colon behaviour-statement    (rule 54)

   *default* : Error
   Identifier : shift and goto state 87
   inevitable : shift and goto state 86
   optional : shift and goto state 85

state 70

   guarded-statement --> lbracket . guard rbracket behaviour-statement    (rule 48)

   *default* : Error
   Identifier : shift and goto state 87
   otherwise : shift and goto state 91

state 71

   compound-behaviour-statement --> lbrace . behaviour-statement-list rbrace    (rule 51)

   *default* : reduce using rule 40

state 72

   illegal-statement --> illegal . semicolon    (rule 61)

   *default* : Error
   semicolon : shift and goto state 96

state 73

   compound-identifier --> Identifier .    (rule 52)
   compound-identifier --> Identifier . dot Identifier    (rule 53)
   assignment-behaviour-statement --> Identifier . = expression semicolon    (rule 62)

   *default* : reduce using rule 52
   = : shift and goto state 98
   dot : shift and goto state 97

state 74

   behaviour-statement --> action-statement .    (rule 47)

   *default* : reduce using rule 47

state 75

   behaviour-statement --> assignment-behaviour-statement .    (rule 46)

   *default* : reduce using rule 46

state 76

   behaviour-statement --> illegal-statement .    (rule 45)

   *default* : reduce using rule 45

state 77

   action-statement --> trigger . semicolon    (rule 63)

   *default* : Error
   semicolon : shift and goto state 99

state 78

   behaviour-statement --> on-event-statement .    (rule 44)

   *default* : reduce using rule 44

state 79

   trigger --> compound-identifier .    (rule 60)

   *default* : reduce using rule 60

state 80

   behaviour-statement --> compound-behaviour-statement .    (rule 43)

   *default* : reduce using rule 43

state 81

   behaviour-statement --> guarded-statement .    (rule 42)

   *default* : reduce using rule 42

state 82

   behaviour-statement-list --> behaviour-statement-list behaviour-statement .    (rule 41)

   *default* : reduce using rule 41

state 83

   variable --> type Identifier . = expression semicolon    (rule 66)

   *default* : Error
   = : shift and goto state 100

state 84

   optional-behaviour --> behaviour Identifier lbrace type-list variable-list behaviour-statement-list . rbrace    (rule 39)
   behaviour-statement-list --> behaviour-statement-list . behaviour-statement    (rule 41)

   *default* : Error
   Identifier : shift and goto state 73
   illegal : shift and goto state 72
   lbrace : shift and goto state 71
   lbracket : shift and goto state 70
   on : shift and goto state 69
   rbrace : shift and goto state 101

state 85

   trigger-spec --> optional .    (rule 56)

   *default* : reduce using rule 56

state 86

   trigger-spec --> inevitable .    (rule 57)

   *default* : reduce using rule 57

state 87

   compound-identifier --> Identifier .    (rule 52)
   compound-identifier --> Identifier . dot Identifier    (rule 53)

   *default* : reduce using rule 52
   dot : shift and goto state 97

state 88

   trigger-list --> trigger .    (rule 58)

   *default* : reduce using rule 58

state 89

   trigger-spec --> trigger-list .    (rule 55)
   trigger-list --> trigger-list . comma trigger    (rule 59)

   *default* : reduce using rule 55
   comma : shift and goto state 102

state 90

   on-event-statement --> on trigger-spec . colon behaviour-statement    (rule 54)

   *default* : Error
   colon : shift and goto state 103

state 91

   guard --> otherwise .    (rule 50)

   *default* : reduce using rule 50

state 92

   expression --> compound-identifier .    (rule 35)

   *default* : reduce using rule 35

state 93

   guarded-statement --> lbracket guard . rbracket behaviour-statement    (rule 48)

   *default* : Error
   rbracket : shift and goto state 104

state 94

   guard --> expression .    (rule 49)

   *default* : reduce using rule 49

state 95

   behaviour-statement-list --> behaviour-statement-list . behaviour-statement    (rule 41)
   compound-behaviour-statement --> lbrace behaviour-statement-list . rbrace    (rule 51)

   *default* : Error
   Identifier : shift and goto state 73
   illegal : shift and goto state 72
   lbrace : shift and goto state 71
   lbracket : shift and goto state 70
   on : shift and goto state 69
   rbrace : shift and goto state 105

state 96

   illegal-statement --> illegal semicolon .    (rule 61)

   *default* : reduce using rule 61

state 97

   compound-identifier --> Identifier dot . Identifier    (rule 53)

   *default* : Error
   Identifier : shift and goto state 106

state 98

   assignment-behaviour-statement --> Identifier = . expression semicolon    (rule 62)

   *default* : Error
   Identifier : shift and goto state 87

state 99

   action-statement --> trigger semicolon .    (rule 63)

   *default* : reduce using rule 63

state 100

   variable --> type Identifier = . expression semicolon    (rule 66)

   *default* : Error
   Identifier : shift and goto state 87

state 101

   optional-behaviour --> behaviour Identifier lbrace type-list variable-list behaviour-statement-list rbrace .    (rule 39)

   *default* : reduce using rule 39

state 102

   trigger-list --> trigger-list comma . trigger    (rule 59)

   *default* : Error
   Identifier : shift and goto state 87

state 103

   on-event-statement --> on trigger-spec colon . behaviour-statement    (rule 54)

   *default* : Error
   Identifier : shift and goto state 73
   illegal : shift and goto state 72
   lbrace : shift and goto state 71
   lbracket : shift and goto state 70
   on : shift and goto state 69

state 104

   guarded-statement --> lbracket guard rbracket . behaviour-statement    (rule 48)

   *default* : Error
   Identifier : shift and goto state 73
   illegal : shift and goto state 72
   lbrace : shift and goto state 71
   lbracket : shift and goto state 70
   on : shift and goto state 69

state 105

   compound-behaviour-statement --> lbrace behaviour-statement-list rbrace .    (rule 51)

   *default* : reduce using rule 51

state 106

   compound-identifier --> Identifier dot Identifier .    (rule 53)

   *default* : reduce using rule 53

state 107

   assignment-behaviour-statement --> Identifier = expression . semicolon    (rule 62)

   *default* : Error
   semicolon : shift and goto state 112

state 108

   variable --> type Identifier = expression . semicolon    (rule 66)

   *default* : Error
   semicolon : shift and goto state 113

state 109

   trigger-list --> trigger-list comma trigger .    (rule 59)

   *default* : reduce using rule 59

state 110

   on-event-statement --> on trigger-spec colon behaviour-statement .    (rule 54)

   *default* : reduce using rule 54

state 111

   guarded-statement --> lbracket guard rbracket behaviour-statement .    (rule 48)

   *default* : reduce using rule 48

state 112

   assignment-behaviour-statement --> Identifier = expression semicolon .    (rule 62)

   *default* : reduce using rule 62

state 113

   variable --> type Identifier = expression semicolon .    (rule 66)

   *default* : reduce using rule 66

