d.port.eproxy.top.e0r
proxy.bottom.eDataparam.port.e0r
Dataparam.port.aproxy.bottom.a0
Dataparam.port.Status_Yes -> proxy.bottom.Status_Yes
a0()
proxy.top.Status_Yes -> d.port.Status_Yes
d.port.eproxy.top.e0
proxy.bottom.eDataparam.port.e0
Dataparam.port.a6 -> proxy.bottom.a6
Dataparam.port.return -> proxy.bottom.return
a6(0,1,2,3,4,5)
proxy.top.return -> d.port.return
d.port.er -> proxy.top.er
proxy.bottom.er -> Dataparam.port.er
Dataparam.port.a -> proxy.bottom.a
Dataparam.port.aa -> proxy.bottom.aa
Dataparam.port.Status_Yes -> proxy.bottom.Status_Yes
a(123)
aa(123,123)
proxy.top.Status_Yes -> d.port.Status_Yes
d.port.e -> proxy.top.e
proxy.bottom.e -> Dataparam.port.e
Dataparam.port.a -> proxy.bottom.a
Dataparam.port.aa -> proxy.bottom.aa
Dataparam.port.return -> proxy.bottom.return
a(123)
aa(123,123)
proxy.top.return -> d.port.return
d.port.eer -> proxy.top.eer
proxy.bottom.eer -> Dataparam.port.eer
Dataparam.port.a -> proxy.bottom.a
Dataparam.port.aa -> proxy.bottom.aa
Dataparam.port.Status_No -> proxy.bottom.Status_No
a(345)
aa(345,123)
proxy.top.Status_No -> d.port.Status_No
d.port.eo -> proxy.top.eo
proxy.bottom.eo -> Dataparam.port.eo
Dataparam.port.return -> proxy.bottom.return
proxy.top.return -> d.port.return
d.port.eoo -> proxy.top.eoo
proxy.bottom.eoo -> Dataparam.port.eoo
Dataparam.port.return -> proxy.bottom.return
proxy.top.return -> d.port.return
d.port.eio -> proxy.top.eio
proxy.bottom.eio -> Dataparam.port.eio
Dataparam.port.return -> proxy.bottom.return
proxy.top.return -> d.port.return
d.port.eio2 -> proxy.top.eio2
proxy.bottom.eio2 -> Dataparam.port.eio2
Dataparam.port.return -> proxy.bottom.return
proxy.top.return -> d.port.return
d.port.eor -> proxy.top.eor
proxy.bottom.eor -> Dataparam.port.eor
Dataparam.port.Status_Yes -> proxy.bottom.Status_Yes
proxy.top.Status_Yes -> d.port.Status_Yes
d.port.eoor -> proxy.top.eoor
proxy.bottom.eoor -> Dataparam.port.eoor
Dataparam.port.Status_Yes -> proxy.bottom.Status_Yes
proxy.top.Status_Yes -> d.port.Status_Yes
d.port.eior -> proxy.top.eior
proxy.bottom.eior -> Dataparam.port.eior
Dataparam.port.Status_Yes -> proxy.bottom.Status_Yes
proxy.top.Status_Yes -> d.port.Status_Yes
d.port.eio2r -> proxy.top.eio2r
proxy.bottom.eio2r -> Dataparam.port.eio2r
Dataparam.port.Status_Yes -> proxy.bottom.Status_Yes
proxy.top.Status_Yes -> d.port.Status_Yes
