alarmsystem:AlarmSystem
alarmsystem.alarm:Alarm
alarmsystem.sensor:Sensor
alarmsystem.siren:Siren
alarmsystem.console.arm -> alarmsystem.alarm.console.arm
alarmsystem.alarm.sensor.enable -> alarmsystem.sensor.sensor.enable
alarmsystem.sensor.sensor.return -> alarmsystem.alarm.sensor.return
alarmsystem.alarm.console.return -> alarmsystem.console.return
alarmsystem.sensor.sensor.triggered -> alarmsystem.alarm.sensor.triggered
Console.detected
alarmsystem.alarm.siren.turnon -> alarmsystem.siren.siren.turnon
alarmsystem.siren.siren.return -> alarmsystem.alarm.siren.return
alarmsystem.console.disarm -> alarmsystem.alarm.console.disarm
alarmsystem.alarm.sensor.disable -> alarmsystem.sensor.sensor.disable
alarmsystem.sensor.sensor.return -> alarmsystem.alarm.sensor.return
alarmsystem.alarm.siren.turnoff -> alarmsystem.siren.siren.turnoff
alarmsystem.siren.siren.return -> alarmsystem.alarm.siren.return
alarmsystem.alarm.console.return -> alarmsystem.console.return
alarmsystem.sensor.sensor.disabled -> alarmsystem.alarm.sensor.disabled
Console.deactivated
