proxy.top_e0r
Dataparam.port_e0r
proxy.bottom_a0
a0()
proxy.top_e0
Dataparam.port_e0
proxy.bottom_a6
a6(0,1,2,3,4,5)
proxy.top_er
Dataparam.port_er
proxy.bottom_a
proxy.bottom_aa
a(123)
aa(123, 123)
proxy.top_e
Dataparam.port_e
proxy.bottom_a
proxy.bottom_aa
a(123)
aa(123, 123)
proxy.top_eer
Dataparam.port_eer
proxy.bottom_a
proxy.bottom_aa
a(345)
aa(345, 123)
proxy.top_eo
Dataparam.port_eo
proxy.top_eoo
Dataparam.port_eoo
proxy.top_eio
Dataparam.port_eio
proxy.top_eio2
Dataparam.port_eio2
proxy.top_eor
Dataparam.port_eor
proxy.top_eoor
Dataparam.port_eoor
proxy.top_eior
Dataparam.port_eior
proxy.top_eio2r
Dataparam.port_eio2r
